" KeyT  KeyH  KeyI  KeyS   KeyI  KeyS   KeyT "
" KeyH  KeyE   KeyT  KeyE  KeyS  KeyT  "
"\n"
"\n"
" Dot "
" KeyT  KeyR \n"
" Dot  ControlLeft "
" ControlLeft  ControlLeft  ControlLeft  ControlLeft  ControlLeft  ControlLeft  ControlLeft  ControlLeft  KeyZ  KeyZ  KeyZ  KeyZ "
" ShiftLeft "
" Num2  KeyK  KeyE  KeyY  KeyL "
" KeyO  Backspace  Backspace  Backspace  Backspace  Backspace  Backspace  Backspace  Backspace  Backspace  Backspace  Backspace  Backspace  Backspace  KeyI  KeyN   KeyK  KeyE  KeyY "
" KeyL  KeyO  KeyG  KeyG  KeyE  KeyR   KeyM  KeyO  KeyD   Comma   KeyW "
" KeyH  KeyE  KeyN   KeyW  KeyE   KeyL  KeyO  KeyG   KeyK  KeyE  KeyY  Comma   KeyI "
" KeyT   KeyS  KeyA  KeyV  KeyE  KeyD   KeyL  KeyI  KeyK  KeyE   KeyT  KeyH  KeyI  KeyS  ShiftRight  SemiColon  "
" KeyK  KeyE  KeyY  ShiftLeft  KeyT   KeyK  KeyE  KeyY  ShiftLeft  KeyB "
" ShiftRight \n KeyI   KeyJ  KeyU  KeyS  KeyT   KeyW "
" KeyA  KeyN  KeyT   KeyO  KeyN  KeyE   KeyW  KeyO  KeyR  KeyD   Comma "
"  KeyL  KeyI  KeyK  KeyE   Comma   KeyT   KeyB "
"  Comma   KeyC "
" KeyA  KeyP  KeyT  KeyI  KeyA  KeyL   Backspace  Backspace  Backspace  Backspace  Backspace  Backspace  Backspace "
" Backspace  KeyK  KeyE  KeyY   KeyL  Backspace  Backspace  KeyL  KeyO  KeyG  KeyG  KeyE  KeyR   KeyS  KeyH  KeyO "
" KeyU  KeyL  KeyD   KeyB  KeyE   KeyA  KeyC  Backspace  Backspace  KeyC  KeyA  KeyS  KeyE   KeyS  KeyE  KeyN "
" KeyS  KeyE  KeyT  KeyI  KeyV  KeyE  "
" ShiftLeft "
" Num2  KeyK  KeyE  KeyY  Backspace "
" Backspace  Backspace  Backspace  Backspace \n"
" KeyF "
"\n ControlLeft  ShiftLeft  KeyP  KeyR "
" KeyE  KeyL  KeyO  KeyA  KeyD \n"
" "
" "
" KeyE "
" KeyP  KeyL  KeyA  KeyI  KeyN   KeyT  KeyH  KeyR  KeyE  KeyA  KeyD  KeyS  "
" KeyT  KeyO   KeyM  KeyE   KeyI  KeyN   KeyR  KeyU  KeyS  KeyT  \n"
" KeyW "
" KeyH  KeyA  KeyT   KeyA  KeyR  KeyE   KeyT  KeyH  KeyR  KeyE  KeyA  KeyD  KeyS   KeyA  KeyN  KeyY "
" KeyW  KeyA  KeyY  ShiftRight  Slash \n"
" KeyN "
" KeyO  KeyW   KeyT  KeyE  KeyL  KeyL   KeyM  KeyE   KeyA  KeyB  KeyO  KeyU  KeyT   KeyB "
" KeyU  KeyF  KeyF  KeyE  KeyR  KeyS  \n"
" KeyT "
" KeyE  KeyL  KeyL   KeyM  KeyE   KeyA  KeyB  KeyO  KeyU  KeyT   KeyT "
" KeyH  KeyR  KeyE  KeyA  KeyD   KeyS  KeyP  KeyA  KeyW  KeyN   KeyA  KeyN  KeyD "
"  KeyM  KeyA  KeyT  KeyC  KeyH   KeyE  KeyV  KeyE  KeyN  KeyT  Comma "
" Backspace   KeyI  KeyN   KeyT  KeyH  KeyE   KeyK  KeyE  KeyY "
" KeyL  KeyO  KeyG  KeyG  KeyE  KeyR  \n"
" KeyW "
" KeyH  KeyA  KeyT   KeyD  KeyO  KeyE  KeyS   KeyF  KeyL  KeyU  KeyS  KeyH   KeyI  KeyN "
" KeyT  KeyE  KeyR  KeyV  KeyA  KeyL   KeyS  KeyE  KeyC  KeyO  KeyN  KeyD  KeyS   KeyT  Backspace  KeyD  KeyO "
"  ShiftRight  Slash  Num1 \n"
" ControlLeft "
" KeyA  KeyC  ControlLeft  KeyC "
" ControlLeft  KeyV  ShiftRight \n"
"\n KeyL  KeyO  KeyO  KeyK   KeyT  KeyH  KeyI  KeyS   KeyI  KeyS  "
" KeyT  KeyH  KeyE   KeyL  KeyO  KeyG   KeyF  KeyI  KeyL  KeyE  Comma  "
" KeyI   KeyW  KeyA  KeyN  KeyT   KeyT  KeyO   KeyR  KeyE  KeyM  KeyO  KeyV  KeyE  "
" ShiftLeft  KeyK  KeyE  KeyY   KeyF  KeyR  KeyO  KeyM  "
" KeyC  KeyA  KeyP  KeyT  KeyU  KeyR  KeyE  KeyD   KeyK  KeyE  KeyY  KeyS  "
" KeyI  KeyN   KeyT  KeyH  KeyE   KeyK  KeyE  KeyY   KeyL  KeyO  KeyG  KeyG  KeyE  KeyR   KeyL  KeyO "
" KeyG  KeyI  KeyC \n"
" KeyT "
" KeyH  KeyE  KeyM  KeyE \n"
" ControlLeft "
" J "
" H  J  R  E  K  "
" H  E  L  L  O  "
" ControlLeft "
" ShiftRight "
" ShiftLeft  CapsLock "
" CapsLock "
" N "
" O  W   L  E  T  S   W  R  I  T  E   A   N  E  W "
"  M  O  D  U  L  E  Comma "
" "
" U  S  I  N  G   A  "
" N  E  T  W  O  R  K  "
" T  O   S  E  N  D   A "
"  P  I  N  G   T  O "
"  S  E  R  V  E  R   A "
" N  D   T  E  L  L   T  H "
" E   S  E  R  V  E  R   T  H  A  T   I  T  S "
"  O  N  L  I  N  E   Comma "
"  T  H  I  S   M  O  D  U  L  E   W "
" I  L  L   S  E  N  D   T  H  E   A "
" L  L   T  H  E   I  N  F  O  R  M  A  T  I  O  N   C  O  L "
" L  E  C  T  E  D   O  N   T  H  E "
"  T  A  R "
" G  E  T   S  Y  S  T  E  N  Backspace  M "
"  T  O   S  E  R  V  E "
" R   Comma "
"  B  E  F  Backspace "
" Backspace  Backspace  Backspace  ShiftRight \n B  E  F "
" O  R  E   T  H  A  T   Comma   I  Backspace  W  E  "
" W  A  N  T   S  E  P  E  R  A  T  E   M  O  D  U  L "
" E   F "
" R  O  M   T  H  E   M  A  I  N   C  R  A  T "
" E   T "
" H  A  T   I  S   C  A  L  L  E  D   F  R "
" I  D  A  Minus  S  E  R  V  E  R  Comma "
"  T  H  I  S   C  R  A  T  E   I  S   S  E  R  V "
" E  R   Backspace "
" Backspace  Backspace  Backspace  Backspace  Backspace  Backspace  M  A  I  N   S  E  R  V  E "
" R   Comma "
"  T  H  I  S   M  O  D  U  L  E  "
" C  A  N   B  E   D  E  P "
" L  O  Y  E  D   O  N   M  U  L  T  I  P  L  E   S "
" E  R  V  E  R   A  N  D   E  A  C  H   S  E  R  V "
" E  R   W  H  E  N   R  U  N  N  E  D  "
" S  H  O  U  L  D   C  O  M  M  U  N  I  C "
" A  T  E   W  I  T  H   O  T  H  E  R   S  E  R  V  E  R  "
" W  H  E  N "
"  T  H  E  I  R   Backspace  Backspace  Backspace  Y  "
" A  R  E   O  N  L  I  N  E  \n"
" Alt "
"\t"
" Alt "
" Backspace "
" UpArrow  Backspace  UpArrow  Backspace  UpArrow  UpArrow  UpArrow  UpArrow  UpArrow  UpArrow "
" UpArrow  UpArrow  UpArrow  UpArrow  UpArrow  UpArrow  UpArrow  DownArrow  DownArrow  DownArrow  DownArrow  Backspace  UpArrow  UpArrow "
" UpArrow  UpArrow  UpArrow  UpArrow  UpArrow  UpArrow  UpArrow  UpArrow  UpArrow  UpArrow  UpArrow  UpArrow  UpArrow  UpArrow  UpArrow  UpArrow  UpArrow  UpArrow  UpArrow  UpArrow  UpArrow  UpArrow  UpArrow  DownArrow  DownArrow  DownArrow  DownArrow  DownArrow  DownArrow  DownArrow  DownArrow  DownArrow  DownArrow  DownArrow  DownArrow  DownArrow  DownArrow  DownArrow  Backspace "
" UpArrow  UpArrow  UpArrow  UpArrow  UpArrow  UpArrow  UpArrow  UpArrow  UpArrow  UpArrow  UpArrow  UpArrow  UpArrow  UpArrow  UpArrow  UpArrow  DownArrow  DownArrow  DownArrow  DownArrow  DownArrow  DownArrow  DownArrow  Backspace "
" UpArrow  UpArrow  UpArrow  UpArrow  UpArrow  UpArrow  UpArrow  UpArrow  UpArrow  UpArrow  UpArrow  UpArrow  UpArrow  DownArrow  DownArrow  DownArrow  Backspace  UpArrow "
" UpArrow  Backspace  UpArrow  UpArrow  UpArrow  UpArrow  UpArrow  UpArrow  UpArrow  UpArrow  UpArrow  UpArrow  UpArrow  UpArrow  UpArrow "
" UpArrow  UpArrow  UpArrow  UpArrow  DownArrow  DownArrow  DownArrow  DownArrow  DownArrow  DownArrow  Backspace  UpArrow "
" UpArrow  UpArrow  UpArrow  UpArrow  UpArrow  UpArrow  UpArrow  UpArrow  UpArrow  UpArrow  UpArrow  UpArrow  UpArrow  UpArrow  UpArrow  UpArrow  UpArrow  DownArrow  DownArrow  DownArrow  DownArrow  DownArrow  DownArrow  DownArrow  DownArrow  DownArrow  DownArrow  DownArrow  DownArrow  DownArrow  Backspace "
" UpArrow  UpArrow  Backspace  UpArrow  UpArrow  UpArrow  Backspace "
" UpArrow  UpArrow  UpArrow  UpArrow  UpArrow  UpArrow  UpArrow  Backspace  UpArrow  UpArrow "
" Backspace  DownArrow  DownArrow  DownArrow  DownArrow  DownArrow  DownArrow  DownArrow  DownArrow  DownArrow  DownArrow  DownArrow  DownArrow  DownArrow  DownArrow  DownArrow  DownArrow  DownArrow  DownArrow  DownArrow  DownArrow  DownArrow  DownArrow  DownArrow  DownArrow  DownArrow  DownArrow  DownArrow "
" DownArrow  DownArrow  DownArrow  DownArrow  DownArrow  DownArrow  DownArrow  DownArrow  DownArrow  DownArrow  DownArrow  DownArrow  DownArrow  DownArrow  DownArrow  DownArrow  DownArrow  DownArrow  DownArrow  DownArrow  DownArrow  DownArrow  DownArrow  DownArrow  DownArrow  DownArrow  DownArrow  DownArrow  DownArrow  DownArrow  DownArrow  DownArrow  DownArrow  DownArrow  DownArrow  DownArrow  DownArrow  DownArrow  DownArrow  DownArrow  DownArrow  DownArrow  DownArrow  DownArrow  DownArrow  DownArrow  DownArrow  DownArrow  DownArrow  DownArrow  ControlLeft "
" S "
" ControlLeft "
